#
# There is insufficient memory for the Java Runtime Environment to continue.
# Native memory allocation (mmap) failed to map 536870912 bytes for Failed to commit area from 0x0000000601800000 to 0x0000000621800000 of length 536870912.
# Possible reasons:
#   The system is out of physical RAM or swap space
#   The process is running with CompressedOops enabled, and the Java Heap may be blocking the growth of the native heap
# Possible solutions:
#   Reduce memory load on the system
#   Increase physical memory or swap space
#   Check if swap backing store is full
#   Decrease Java heap size (-Xmx/-Xms)
#   Decrease number of Java threads
#   Decrease Java thread stack sizes (-Xss)
#   Set larger code cache with -XX:ReservedCodeCacheSize=
# This output file may be truncated or incomplete.
#
#  Out of Memory Error (t:/workspace/open/src/hotspot/os/windows/os_windows.cpp:3301), pid=12180, tid=13088
#
# JRE version:  (13.0.1+9) (build )
# Java VM: Java HotSpot(TM) 64-Bit Server VM (13.0.1+9, mixed mode, sharing, tiered, compressed oops, g1 gc, windows-amd64)
# No core dump will be written. Minidumps are not enabled by default on client versions of Windows
#

---------------  S U M M A R Y ------------

Command Line: -agentlib:jdwp=transport=dt_socket,address=127.0.0.1:55225,suspend=y,server=n -javaagent:C:\Users\kadet\.IntelliJIdea2019.2\system\groovyHotSwap\gragent.jar -javaagent:C:\Users\kadet\.IntelliJIdea2019.2\system\captureAgent\debugger-agent.jar -Dfile.encoding=UTF-8 MainKt

Host: Intel(R) Core(TM) i3-6100 CPU @ 3.70GHz, 4 cores, 31G,  Windows 7 , 64 bit Build 7601 (6.1.7601.24545)
Time: Tue Nov 10 10:49:20 2020 RTZ 2 (ceia) elapsed time: 0 seconds (0d 0h 0m 0s)

---------------  T H R E A D  ---------------

Current thread (0x0000000000411800):  JavaThread "Unknown thread" [_thread_in_vm, id=13088, stack(0x0000000001df0000,0x0000000001ef0000)]

Stack: [0x0000000001df0000,0x0000000001ef0000]
Native frames: (J=compiled Java code, j=interpreted, Vv=VM code, C=native code)
V  [jvm.dll+0x626eca]
V  [jvm.dll+0x772c6a]
V  [jvm.dll+0x77441f]
V  [jvm.dll+0x774a23]
V  [jvm.dll+0x24da58]
V  [jvm.dll+0x62438a]
V  [jvm.dll+0x618f75]
V  [jvm.dll+0x30c61c]
V  [jvm.dll+0x30c452]
V  [jvm.dll+0x311bc6]
V  [jvm.dll+0x355ce6]
V  [jvm.dll+0x3554c0]
V  [jvm.dll+0x2e729a]
V  [jvm.dll+0x2e8532]
V  [jvm.dll+0x74fcd8]
V  [jvm.dll+0x363739]
V  [jvm.dll+0x732dc5]
V  [jvm.dll+0x3ce2ef]
V  [jvm.dll+0x3d0611]
C  [jli.dll+0x51ff]
C  [ucrtbase.DLL+0x203ba]
C  [kernel32.dll+0x1556d]
C  [ntdll.dll+0x5372d]


---------------  P R O C E S S  ---------------

Threads class SMR info:
_java_thread_list=0x000007fed85446b8, length=0, elements={
}

Java Threads: ( => current thread )

Other Threads:
  0x000000002cc79800 GCTaskThread "GC Thread#0" [stack: 0x000000002ce30000,0x000000002cf30000] [id=12304]
  0x000000002cc9a800 ConcurrentGCThread "G1 Main Marker" [stack: 0x000000002cf70000,0x000000002d070000] [id=11980]
  0x000000002cc9b800 ConcurrentGCThread "G1 Conc#0" [stack: 0x000000002d110000,0x000000002d210000] [id=6324]

[error occurred during error reporting (printing all threads), id 0xc0000005, EXCEPTION_ACCESS_VIOLATION (0xc0000005) at pc=0x000007fed7d76f67]

VM state:not at safepoint (not fully initialized)

VM Mutex/Monitor currently owned by a thread:  ([mutex/lock_event])
[0x000000000040e490] Heap_lock - owner thread: 0x0000000000411800

Heap address: 0x0000000601800000, size: 8168 MB, Compressed Oops mode: Non-zero based: 0x0000000601800000
Narrow klass base: 0x0000000000000000, Narrow klass shift: 0

GC Heap History (0 events):
No events

Deoptimization events (0 events):
No events

Classes unloaded (0 events):
No events

Classes redefined (0 events):
No events

Internal exceptions (0 events):
No events

Events (2 events):
Event: 0.248 Loaded shared library C:\Program Files\Java\jdk-13.0.1\bin\zip.dll
Event: 0.249 Loaded shared library C:\Program Files\Java\jdk-13.0.1\bin\jimage.dll


Dynamic libraries:
0x000000013f0b0000 - 0x000000013f0bf000 	C:\Program Files\Java\jdk-13.0.1\bin\java.exe
0x0000000077c00000 - 0x0000000077d9f000 	C:\Windows\SYSTEM32\ntdll.dll
0x00000000779e0000 - 0x0000000077aff000 	C:\Windows\system32\kernel32.dll
0x000007fefd900000 - 0x000007fefd967000 	C:\Windows\system32\KERNELBASE.dll
0x000007fee2bc0000 - 0x000007fee2bd8000 	C:\Program Files\Java\jdk-13.0.1\bin\jli.dll
0x000007feffd60000 - 0x000007feffe3b000 	C:\Windows\system32\ADVAPI32.dll
0x000007feff520000 - 0x000007feff5bf000 	C:\Windows\system32\msvcrt.dll
0x000007feffb40000 - 0x000007feffb5f000 	C:\Windows\SYSTEM32\sechost.dll
0x000007fefdae0000 - 0x000007fefdc0c000 	C:\Windows\system32\RPCRT4.dll
0x000007fefbd70000 - 0x000007fefbf65000 	C:\Windows\WinSxS\amd64_microsoft.windows.common-controls_6595b64144ccf1df_6.0.7601.24483_none_e372d88f30fbb845\COMCTL32.dll
0x000007feff280000 - 0x000007feff2e7000 	C:\Windows\system32\GDI32.dll
0x0000000077b00000 - 0x0000000077bfb000 	C:\Windows\system32\USER32.dll
0x000007feff270000 - 0x000007feff27e000 	C:\Windows\system32\LPK.dll
0x000007feff7a0000 - 0x000007feff86b000 	C:\Windows\system32\USP10.dll
0x000007fefe460000 - 0x000007fefe4d1000 	C:\Windows\system32\SHLWAPI.dll
0x000007fefc800000 - 0x000007fefc80c000 	C:\Windows\system32\VERSION.dll
0x000007fee3b10000 - 0x000007fee3b25000 	C:\Program Files\Java\jdk-13.0.1\bin\VCRUNTIME140.dll
0x000007fee4890000 - 0x000007fee4894000 	C:\Program Files\Java\jdk-13.0.1\bin\api-ms-win-crt-runtime-l1-1-0.dll
0x000007fedafb0000 - 0x000007fedb0ac000 	C:\Program Files\Java\jdk-13.0.1\bin\ucrtbase.DLL
0x000007fee4ae0000 - 0x000007fee4ae3000 	C:\Program Files\Java\jdk-13.0.1\bin\api-ms-win-core-localization-l1-2-0.dll
0x000007fee44d0000 - 0x000007fee44d3000 	C:\Program Files\Java\jdk-13.0.1\bin\api-ms-win-core-processthreads-l1-1-1.dll
0x000007fee4830000 - 0x000007fee4833000 	C:\Program Files\Java\jdk-13.0.1\bin\api-ms-win-core-file-l1-2-0.dll
0x000007fee3b00000 - 0x000007fee3b03000 	C:\Program Files\Java\jdk-13.0.1\bin\api-ms-win-core-timezone-l1-1-0.dll
0x000007fee3c20000 - 0x000007fee3c23000 	C:\Program Files\Java\jdk-13.0.1\bin\api-ms-win-core-file-l2-1-0.dll
0x000007fee2bb0000 - 0x000007fee2bb3000 	C:\Program Files\Java\jdk-13.0.1\bin\api-ms-win-core-synch-l1-2-0.dll
0x000007fee3290000 - 0x000007fee3293000 	C:\Program Files\Java\jdk-13.0.1\bin\api-ms-win-crt-heap-l1-1-0.dll
0x000007fee2b90000 - 0x000007fee2b94000 	C:\Program Files\Java\jdk-13.0.1\bin\api-ms-win-crt-string-l1-1-0.dll
0x000007fee2ba0000 - 0x000007fee2ba4000 	C:\Program Files\Java\jdk-13.0.1\bin\api-ms-win-crt-stdio-l1-1-0.dll
0x000007fee2b70000 - 0x000007fee2b74000 	C:\Program Files\Java\jdk-13.0.1\bin\api-ms-win-crt-convert-l1-1-0.dll
0x000007fee2b80000 - 0x000007fee2b83000 	C:\Program Files\Java\jdk-13.0.1\bin\api-ms-win-crt-environment-l1-1-0.dll
0x000007fee2810000 - 0x000007fee2813000 	C:\Program Files\Java\jdk-13.0.1\bin\api-ms-win-crt-filesystem-l1-1-0.dll
0x000007fee28c0000 - 0x000007fee28c5000 	C:\Program Files\Java\jdk-13.0.1\bin\api-ms-win-crt-math-l1-1-0.dll
0x000007fee21f0000 - 0x000007fee21f3000 	C:\Program Files\Java\jdk-13.0.1\bin\api-ms-win-crt-locale-l1-1-0.dll
0x000007feffe90000 - 0x000007feffebe000 	C:\Windows\system32\IMM32.DLL
0x000007feffb70000 - 0x000007feffc7b000 	C:\Windows\system32\MSCTF.dll
0x000007fedc560000 - 0x000007fedc5fb000 	C:\Program Files\Java\jdk-13.0.1\bin\msvcp140.dll
0x000007fee2270000 - 0x000007fee2273000 	C:\Program Files\Java\jdk-13.0.1\bin\api-ms-win-crt-time-l1-1-0.dll
0x000007fee21d0000 - 0x000007fee21d3000 	C:\Program Files\Java\jdk-13.0.1\bin\api-ms-win-crt-utility-l1-1-0.dll
0x000007fed7a80000 - 0x000007fed85e6000 	C:\Program Files\Java\jdk-13.0.1\bin\server\jvm.dll
0x000007fef99f0000 - 0x000007fef99f9000 	C:\Windows\system32\WSOCK32.dll
0x000007feffe40000 - 0x000007feffe8d000 	C:\Windows\system32\WS2_32.dll
0x000007feffb60000 - 0x000007feffb68000 	C:\Windows\system32\NSI.dll
0x000007fefb650000 - 0x000007fefb68b000 	C:\Windows\system32\WINMM.dll
0x0000000077db0000 - 0x0000000077db7000 	C:\Windows\system32\PSAPI.DLL
0x000007fee21e0000 - 0x000007fee21f0000 	C:\Program Files\Java\jdk-13.0.1\bin\verify.dll
0x000007fef8450000 - 0x000007fef8575000 	C:\Windows\system32\DBGHELP.DLL
0x000007fee1e50000 - 0x000007fee1e76000 	C:\Program Files\Java\jdk-13.0.1\bin\java.dll
0x000007fee2090000 - 0x000007fee20c8000 	C:\Program Files\Java\jdk-13.0.1\bin\jdwp.dll
0x000007feeac50000 - 0x000007feeac5e000 	C:\Program Files\Java\jdk-13.0.1\bin\instrument.dll
0x000007fee1e30000 - 0x000007fee1e47000 	C:\Program Files\Java\jdk-13.0.1\bin\zip.dll
0x000007fee21c0000 - 0x000007fee21ca000 	C:\Program Files\Java\jdk-13.0.1\bin\jimage.dll

dbghelp: loaded successfully - version: 4.0.5 - missing functions: none
symbol engine: initialized successfully - sym options: 0x614 - pdb path: .;C:\Program Files\Java\jdk-13.0.1\bin;C:\Windows\SYSTEM32;C:\Windows\WinSxS\amd64_microsoft.windows.common-controls_6595b64144ccf1df_6.0.7601.24483_none_e372d88f30fbb845;C:\Program Files\Java\jdk-13.0.1\bin\server

VM Arguments:
jvm_args: -agentlib:jdwp=transport=dt_socket,address=127.0.0.1:55225,suspend=y,server=n -javaagent:C:\Users\kadet\.IntelliJIdea2019.2\system\groovyHotSwap\gragent.jar -javaagent:C:\Users\kadet\.IntelliJIdea2019.2\system\captureAgent\debugger-agent.jar -Dfile.encoding=UTF-8 
java_command: MainKt
java_class_path (initial): F:\Kotlin\KotlinApi1C\build\classes\kotlin\main;C:\Users\kadet\.gradle\caches\modules-2\files-2.1\io.vertx\vertx-web\3.9.4\9c3b6c05b76a75bdd3b65b71b4fcb6d25a8b838d\vertx-web-3.9.4.jar;C:\Users\kadet\.gradle\caches\modules-2\files-2.1\org.jetbrains.kotlin\kotlin-stdlib-jdk8\1.3.41\77652607ed82a49202d8a0b89de16994b61bdd75\kotlin-stdlib-jdk8-1.3.41.jar;C:\Users\kadet\.gradle\caches\modules-2\files-2.1\com.google.code.gson\gson\2.8.6\9180733b7df8542621dc12e21e87557e8c99b8cb\gson-2.8.6.jar;C:\Users\kadet\.gradle\caches\modules-2\files-2.1\io.vertx\vertx-web-common\3.9.4\69c57b6768f9e4a889be72caedc506d00958d10\vertx-web-common-3.9.4.jar;C:\Users\kadet\.gradle\caches\modules-2\files-2.1\io.vertx\vertx-auth-common\3.9.4\d99e286f5f4419a07e514403d79ec50aa421126e\vertx-auth-common-3.9.4.jar;C:\Users\kadet\.gradle\caches\modules-2\files-2.1\io.vertx\vertx-bridge-common\3.9.4\1519dad6501a63501f4beb5a695b11949c1b5bee\vertx-bridge-common-3.9.4.jar;C:\Users\kadet\.gradle\caches\modules-2\files-2.1\io.vertx\vertx-core\3.9.4\287f9461cd30f993c609007412d3ffc12d15f072\vertx-core-3.9.4.jar;C:\Users\kadet\.gradle\caches\modules-2\files-2.1\org.jetbrains.kotlin\kotlin-stdlib-jdk7\1.3.41\a1f331124ba069a09e964ad2640c36f140f2c758\kotlin-stdlib-jdk7-1.3.41.jar;C:\Users\kadet\.gradle\caches\modules-2\files-2.1\org.jetbrains.kotlin\kotlin-stdlib\1.3.41\e24bd38de28a326cce8b1f0d61e809e9a92dad6a\kotlin-stdlib-1.3.41.jar;C:\Users\kadet\.gradle\caches\modules-2\files-2.1\io.netty\netty-handler-proxy\4.1.49.Final\6a2064cc62c7d18719742e1e101199c04c66356c\netty-handler-proxy-4.1.49.Final.jar;C:\Users\kadet\.gradle\caches\modules-2\files-2.1\io.netty\netty-codec-http2\4.1.49.Final\ca35293757f80cd2460c80791757db261615dbe7\netty-codec-http2-4.1.49.Final.jar;C:\Users\kadet\.gradle\caches\modules-2\files-2.1\io.netty\netty-codec-http\4.1.49.Final\4f30dbc462b26c588dffc0eb7552caef1a0f549e\netty-codec-http-4.1.49.Final.jar;C:\Users\kadet\.gradle\caches\modules-2\files-2.1\io.netty\n
Launcher Type: SUN_STANDARD

[Global flags]
     intx CICompilerCount                          = 3                                         {product} {ergonomic}
     uint ConcGCThreads                            = 1                                         {product} {ergonomic}
     uint G1ConcRefinementThreads                  = 4                                         {product} {ergonomic}
   size_t G1HeapRegionSize                         = 2097152                                   {product} {ergonomic}
    uintx GCDrainStackTargetSize                   = 64                                        {product} {ergonomic}
   size_t InitialHeapSize                          = 536870912                                 {product} {ergonomic}
   size_t MarkStackSize                            = 4194304                                   {product} {ergonomic}
   size_t MaxHeapSize                              = 8564768768                                {product} {ergonomic}
   size_t MinHeapDeltaBytes                        = 2097152                                   {product} {ergonomic}
   size_t MinHeapSize                              = 8388608                                   {product} {ergonomic}
    uintx NonNMethodCodeHeapSize                   = 5830732                                {pd product} {ergonomic}
    uintx NonProfiledCodeHeapSize                  = 122913754                              {pd product} {ergonomic}
    uintx ProfiledCodeHeapSize                     = 122913754                              {pd product} {ergonomic}
    uintx ReservedCodeCacheSize                    = 251658240                              {pd product} {ergonomic}
     bool SegmentedCodeCache                       = true                                      {product} {ergonomic}
   size_t SoftMaxHeapSize                          = 8564768768                             {manageable} {ergonomic}
     bool UseCompressedClassPointers               = true                                 {lp64_product} {ergonomic}
     bool UseCompressedOops                        = true                                 {lp64_product} {ergonomic}
     bool UseG1GC                                  = true                                      {product} {ergonomic}
     bool UseLargePagesIndividualAllocation        = false                                  {pd product} {ergonomic}

Logging:
Log output configuration:
 #0: stdout all=warning uptime,level,tags
 #1: stderr all=off uptime,level,tags

Environment Variables:
JAVA_HOME=C:\Program Files\Java\jdk1.8.0_231\bin\
PATH=C:\Program Files\JetBrains\IntelliJ IDEA 2019.2\jbr\\bin;C:\Program Files\JetBrains\IntelliJ IDEA 2019.2\jbr\\bin\server;C:\Program Files (x86)\Common Files\Oracle\Java\javapath;C:\Program Files (x86)\Embarcadero\Studio\20.0\bin;C:\Users\Public\Documents\Embarcadero\Studio\20.0\Bpl;C:\Program Files (x86)\Embarcadero\Studio\20.0\bin64;C:\Users\Public\Documents\Embarcadero\Studio\20.0\Bpl\Win64;F:\Programs\Embarcadero\Studio\19.0\bin;C:\Users\kadet\Documents\Embarcadero\Studio\19.0\Bpl;F:\Programs\Embarcadero\Studio\19.0\bin64;C:\Users\kadet\Documents\Embarcadero\Studio\19.0\Bpl\Win64;C:\Windows\system32;C:\Windows;C:\Windows\System32\Wbem;C:\Windows\System32\WindowsPowerShell\v1.0\;C:\Program Files\OpenVPN\bin;C:\Program Files (x86)\Delphi 10 Lite\bin;F:\Programs\Microsoft SQL Server\Client SDK\ODBC\110\Tools\Binn\;F:\Programs86\Microsoft SQL Server\120\Tools\Binn\;F:\Programs\Microsoft SQL Server\120\Tools\Binn\;F:\Programs\Microsoft SQL Server\120\DTS\Binn\;F:\Programs86\Microsoft SQL Server\120\Tools\Binn\ManagementStudio\;F:\Programs86\Microsoft SQL Server\120\DTS\Binn\;C:\Program Files\Git\cmd;C:\Program Files\Java\jdk-13.0.1\bin\;C:\Program Files (x86)\Common Files\Acronis\SnapAPI\;C:\Users\Public\Documents\Embarcadero\Studio\19.0\Bpl;C:\Users\kadet\Documents\Borland Studio Projects\Bpl;C:\Program Files\JetBrains\IntelliJ IDEA 2019.2\bin;;C:\Program Files\Java\jdk-13.0.1\bin\
USERNAME=kadet
OS=Windows_NT
PROCESSOR_IDENTIFIER=Intel64 Family 6 Model 94 Stepping 3, GenuineIntel



---------------  S Y S T E M  ---------------

OS: Windows 7 , 64 bit Build 7601 (6.1.7601.24545)

CPU:total 4 (initial active 4) (2 cores per cpu, 2 threads per core) family 6 model 94 stepping 3, cmov, cx8, fxsr, mmx, sse, sse2, sse3, ssse3, sse4.1, sse4.2, popcnt, avx, avx2, aes, clmul, erms, 3dnowpref, lzcnt, ht, tsc, tscinvbit, bmi1, bmi2, adx, fma

Memory: 4k page, system-wide physical 32664M (7825M free)
TotalPageFile size 33686M (AvailPageFile size 408M)
current process WorkingSet (physical memory assigned to process): 11M, peak: 11M
current process commit charge ("private bytes"): 71M, peak: 582M

vm_info: Java HotSpot(TM) 64-Bit Server VM (13.0.1+9) for windows-amd64 JRE (13.0.1+9), built on Oct  6 2019 12:37:49 by "mach5one" with unknown MS VC++:1916

END.
